<?xml version="1.0" encoding="UTF-8"?>
<testsuite xmlns:xsi="http://www.w3.org/2001/XMLSchema-instance" xsi:noNamespaceSchemaLocation="https://maven.apache.org/surefire/maven-surefire-plugin/xsd/surefire-test-report-3.0.xsd" version="3.0" name="TestSuite" time="46.645" tests="1" errors="0" skipped="0" failures="1">
  <properties>
    <property name="gopherProxySet" value="false"/>
    <property name="awt.toolkit" value="sun.lwawt.macosx.LWCToolkit"/>
    <property name="file.encoding.pkg" value="sun.io"/>
    <property name="java.specification.version" value="1.8"/>
    <property name="sun.cpu.isalist" value=""/>
    <property name="sun.jnu.encoding" value="UTF-8"/>
    <property name="java.class.path" value="/Users/rifatbhuiyan/eclipse-workspace/Zoopla_Framework/target/test-classes:/Users/rifatbhuiyan/eclipse-workspace/Zoopla_Framework/target/classes:/Users/rifatbhuiyan/.m2/repository/org/slf4j/slf4j-api/1.7.25/slf4j-api-1.7.25.jar:/Users/rifatbhuiyan/.m2/repository/org/slf4j/slf4j-log4j12/1.7.25/slf4j-log4j12-1.7.25.jar:/Users/rifatbhuiyan/.m2/repository/com/microsoft/sqlserver/mssql-jdbc/7.2.2.jre8/mssql-jdbc-7.2.2.jre8.jar:/Users/rifatbhuiyan/.m2/repository/org/seleniumhq/selenium/selenium-java/3.141.59/selenium-java-3.141.59.jar:/Users/rifatbhuiyan/.m2/repository/org/seleniumhq/selenium/selenium-api/3.141.59/selenium-api-3.141.59.jar:/Users/rifatbhuiyan/.m2/repository/org/seleniumhq/selenium/selenium-edge-driver/3.141.59/selenium-edge-driver-3.141.59.jar:/Users/rifatbhuiyan/.m2/repository/org/seleniumhq/selenium/selenium-firefox-driver/3.141.59/selenium-firefox-driver-3.141.59.jar:/Users/rifatbhuiyan/.m2/repository/org/seleniumhq/selenium/selenium-ie-driver/3.141.59/selenium-ie-driver-3.141.59.jar:/Users/rifatbhuiyan/.m2/repository/org/seleniumhq/selenium/selenium-opera-driver/3.141.59/selenium-opera-driver-3.141.59.jar:/Users/rifatbhuiyan/.m2/repository/org/seleniumhq/selenium/selenium-remote-driver/3.141.59/selenium-remote-driver-3.141.59.jar:/Users/rifatbhuiyan/.m2/repository/org/seleniumhq/selenium/selenium-safari-driver/3.141.59/selenium-safari-driver-3.141.59.jar:/Users/rifatbhuiyan/.m2/repository/org/seleniumhq/selenium/selenium-support/3.141.59/selenium-support-3.141.59.jar:/Users/rifatbhuiyan/.m2/repository/net/bytebuddy/byte-buddy/1.8.15/byte-buddy-1.8.15.jar:/Users/rifatbhuiyan/.m2/repository/org/apache/commons/commons-exec/1.3/commons-exec-1.3.jar:/Users/rifatbhuiyan/.m2/repository/com/google/guava/guava/25.0-jre/guava-25.0-jre.jar:/Users/rifatbhuiyan/.m2/repository/com/google/code/findbugs/jsr305/1.3.9/jsr305-1.3.9.jar:/Users/rifatbhuiyan/.m2/repository/org/checkerframework/checker-compat-qual/2.0.0/checker-compat-qual-2.0.0.jar:/Users/rifatbhuiyan/.m2/repository/com/google/errorprone/error_prone_annotations/2.1.3/error_prone_annotations-2.1.3.jar:/Users/rifatbhuiyan/.m2/repository/com/google/j2objc/j2objc-annotations/1.1/j2objc-annotations-1.1.jar:/Users/rifatbhuiyan/.m2/repository/org/codehaus/mojo/animal-sniffer-annotations/1.14/animal-sniffer-annotations-1.14.jar:/Users/rifatbhuiyan/.m2/repository/com/squareup/okhttp3/okhttp/3.11.0/okhttp-3.11.0.jar:/Users/rifatbhuiyan/.m2/repository/com/squareup/okio/okio/1.14.0/okio-1.14.0.jar:/Users/rifatbhuiyan/.m2/repository/org/seleniumhq/selenium/selenium-chrome-driver/3.11.0/selenium-chrome-driver-3.11.0.jar:/Users/rifatbhuiyan/.m2/repository/commons-codec/commons-codec/1.10/commons-codec-1.10.jar:/Users/rifatbhuiyan/.m2/repository/commons-logging/commons-logging/1.2/commons-logging-1.2.jar:/Users/rifatbhuiyan/.m2/repository/org/apache/httpcomponents/httpclient/4.5.3/httpclient-4.5.3.jar:/Users/rifatbhuiyan/.m2/repository/org/apache/httpcomponents/httpcore/4.4.6/httpcore-4.4.6.jar:/Users/rifatbhuiyan/.m2/repository/io/github/bonigarcia/webdrivermanager/3.8.0/webdrivermanager-3.8.0.jar:/Users/rifatbhuiyan/.m2/repository/commons-io/commons-io/2.6/commons-io-2.6.jar:/Users/rifatbhuiyan/.m2/repository/org/rauschig/jarchivelib/1.0.0/jarchivelib-1.0.0.jar:/Users/rifatbhuiyan/.m2/repository/org/apache/commons/commons-compress/1.18/commons-compress-1.18.jar:/Users/rifatbhuiyan/.m2/repository/org/jsoup/jsoup/1.11.3/jsoup-1.11.3.jar:/Users/rifatbhuiyan/.m2/repository/org/seleniumhq/selenium/selenium-server/3.11.0/selenium-server-3.11.0.jar:/Users/rifatbhuiyan/.m2/repository/com/beust/jcommander/1.72/jcommander-1.72.jar:/Users/rifatbhuiyan/.m2/repository/org/apache/commons/commons-text/1.1/commons-text-1.1.jar:/Users/rifatbhuiyan/.m2/repository/commons-net/commons-net/3.6/commons-net-3.6.jar:/Users/rifatbhuiyan/.m2/repository/org/w3c/css/sac/1.3/sac-1.3.jar:/Users/rifatbhuiyan/.m2/repository/net/sourceforge/cssparser/cssparser/0.9.24/cssparser-0.9.24.jar:/Users/rifatbhuiyan/.m2/repository/net/sourceforge/htmlunit/htmlunit/2.29/htmlunit-2.29.jar:/Users/rifatbhuiyan/.m2/repository/net/sourceforge/htmlunit/htmlunit-core-js/2.28/htmlunit-core-js-2.28.jar:/Users/rifatbhuiyan/.m2/repository/net/sourceforge/htmlunit/neko-htmlunit/2.28/neko-htmlunit-2.28.jar:/Users/rifatbhuiyan/.m2/repository/org/apache/httpcomponents/httpmime/4.5.3/httpmime-4.5.3.jar:/Users/rifatbhuiyan/.m2/repository/net/jcip/jcip-annotations/1.0/jcip-annotations-1.0.jar:/Users/rifatbhuiyan/.m2/repository/org/seleniumhq/selenium/jetty-repacked/9.4.7.v20171121/jetty-repacked-9.4.7.v20171121.jar:/Users/rifatbhuiyan/.m2/repository/org/eclipse/jetty/jetty-client/9.4.7.v20170914/jetty-client-9.4.7.v20170914.jar:/Users/rifatbhuiyan/.m2/repository/org/eclipse/jetty/jetty-http/9.4.8.v20171121/jetty-http-9.4.8.v20171121.jar:/Users/rifatbhuiyan/.m2/repository/org/eclipse/jetty/jetty-io/9.4.8.v20171121/jetty-io-9.4.8.v20171121.jar:/Users/rifatbhuiyan/.m2/repository/org/eclipse/jetty/jetty-util/9.4.8.v20171121/jetty-util-9.4.8.v20171121.jar:/Users/rifatbhuiyan/.m2/repository/org/eclipse/jetty/jetty-xml/9.4.7.v20170914/jetty-xml-9.4.7.v20170914.jar:/Users/rifatbhuiyan/.m2/repository/org/seleniumhq/selenium/htmlunit-driver/2.29.0/htmlunit-driver-2.29.0.jar:/Users/rifatbhuiyan/.m2/repository/javax/servlet/javax.servlet-api/3.1.0/javax.servlet-api-3.1.0.jar:/Users/rifatbhuiyan/.m2/repository/org/eclipse/jetty/websocket/websocket-api/9.4.7.v20170914/websocket-api-9.4.7.v20170914.jar:/Users/rifatbhuiyan/.m2/repository/org/eclipse/jetty/websocket/websocket-client/9.4.7.v20170914/websocket-client-9.4.7.v20170914.jar:/Users/rifatbhuiyan/.m2/repository/org/eclipse/jetty/websocket/websocket-common/9.4.7.v20170914/websocket-common-9.4.7.v20170914.jar:/Users/rifatbhuiyan/.m2/repository/xalan/serializer/2.7.2/serializer-2.7.2.jar:/Users/rifatbhuiyan/.m2/repository/xalan/xalan/2.7.2/xalan-2.7.2.jar:/Users/rifatbhuiyan/.m2/repository/xerces/xercesImpl/2.11.0/xercesImpl-2.11.0.jar:/Users/rifatbhuiyan/.m2/repository/xml-apis/xml-apis/1.4.01/xml-apis-1.4.01.jar:/Users/rifatbhuiyan/.m2/repository/org/yaml/snakeyaml/1.19/snakeyaml-1.19.jar:/Users/rifatbhuiyan/.m2/repository/io/rest-assured/rest-assured/4.0.0/rest-assured-4.0.0.jar:/Users/rifatbhuiyan/.m2/repository/org/codehaus/groovy/groovy/2.5.6/groovy-2.5.6.jar:/Users/rifatbhuiyan/.m2/repository/org/codehaus/groovy/groovy-xml/2.5.6/groovy-xml-2.5.6.jar:/Users/rifatbhuiyan/.m2/repository/org/hamcrest/hamcrest-core/2.1/hamcrest-core-2.1.jar:/Users/rifatbhuiyan/.m2/repository/org/hamcrest/hamcrest/2.1/hamcrest-2.1.jar:/Users/rifatbhuiyan/.m2/repository/org/hamcrest/hamcrest-library/2.1/hamcrest-library-2.1.jar:/Users/rifatbhuiyan/.m2/repository/org/ccil/cowan/tagsoup/tagsoup/1.2.1/tagsoup-1.2.1.jar:/Users/rifatbhuiyan/.m2/repository/io/rest-assured/json-path/4.0.0/json-path-4.0.0.jar:/Users/rifatbhuiyan/.m2/repository/org/codehaus/groovy/groovy-json/2.5.6/groovy-json-2.5.6.jar:/Users/rifatbhuiyan/.m2/repository/io/rest-assured/rest-assured-common/4.0.0/rest-assured-common-4.0.0.jar:/Users/rifatbhuiyan/.m2/repository/io/rest-assured/xml-path/4.0.0/xml-path-4.0.0.jar:/Users/rifatbhuiyan/.m2/repository/javax/xml/bind/jaxb-api/2.2.12/jaxb-api-2.2.12.jar:/Users/rifatbhuiyan/.m2/repository/com/sun/xml/bind/jaxb-osgi/2.2.10/jaxb-osgi-2.2.10.jar:/Users/rifatbhuiyan/.m2/repository/org/apache/sling/org.apache.sling.javax.activation/0.1.0/org.apache.sling.javax.activation-0.1.0.jar:/Users/rifatbhuiyan/.m2/repository/org/testng/testng/6.14.3/testng-6.14.3.jar:/Users/rifatbhuiyan/.m2/repository/org/apache-extras/beanshell/bsh/2.0b6/bsh-2.0b6.jar:/Users/rifatbhuiyan/.m2/repository/log4j/log4j/1.2.17/log4j-1.2.17.jar:/Users/rifatbhuiyan/.m2/repository/com/fasterxml/jackson/core/jackson-databind/2.9.8/jackson-databind-2.9.8.jar:/Users/rifatbhuiyan/.m2/repository/com/fasterxml/jackson/core/jackson-annotations/2.9.0/jackson-annotations-2.9.0.jar:/Users/rifatbhuiyan/.m2/repository/com/fasterxml/jackson/core/jackson-core/2.9.8/jackson-core-2.9.8.jar:/Users/rifatbhuiyan/.m2/repository/org/apache/poi/ooxml-schemas/1.1/ooxml-schemas-1.1.jar:/Users/rifatbhuiyan/.m2/repository/org/apache/xmlbeans/xmlbeans/2.3.0/xmlbeans-2.3.0.jar:/Users/rifatbhuiyan/.m2/repository/stax/stax-api/1.0.1/stax-api-1.0.1.jar:/Users/rifatbhuiyan/.m2/repository/org/apache/poi/openxml4j/1.0-beta/openxml4j-1.0-beta.jar:/Users/rifatbhuiyan/.m2/repository/dom4j/dom4j/1.6.1/dom4j-1.6.1.jar:/Users/rifatbhuiyan/.m2/repository/org/apache/pdfbox/pdfbox/2.0.12/pdfbox-2.0.12.jar:/Users/rifatbhuiyan/.m2/repository/org/apache/pdfbox/fontbox/2.0.12/fontbox-2.0.12.jar:/Users/rifatbhuiyan/.m2/repository/com/googlecode/json-simple/json-simple/1.1.1/json-simple-1.1.1.jar:/Users/rifatbhuiyan/.m2/repository/junit/junit/4.10/junit-4.10.jar:/Users/rifatbhuiyan/.m2/repository/com/vimalselvam/cucumber-extentsreport/3.0.2/cucumber-extentsreport-3.0.2.jar:/Users/rifatbhuiyan/.m2/repository/net/masterthought/maven-cucumber-reporting/3.14.0/maven-cucumber-reporting-3.14.0.jar:/Users/rifatbhuiyan/.m2/repository/org/apache/maven/plugins/maven-gpg-plugin/1.6/maven-gpg-plugin-1.6.jar:/Users/rifatbhuiyan/.m2/repository/org/apache/maven/maven-project/2.2.1/maven-project-2.2.1.jar:/Users/rifatbhuiyan/.m2/repository/org/apache/maven/maven-profile/2.2.1/maven-profile-2.2.1.jar:/Users/rifatbhuiyan/.m2/repository/org/apache/maven/maven-plugin-registry/2.2.1/maven-plugin-registry-2.2.1.jar:/Users/rifatbhuiyan/.m2/repository/org/apache/maven/maven-repository-metadata/2.2.1/maven-repository-metadata-2.2.1.jar:/Users/rifatbhuiyan/.m2/repository/org/sonatype/plexus/plexus-sec-dispatcher/1.4/plexus-sec-dispatcher-1.4.jar:/Users/rifatbhuiyan/.m2/repository/org/sonatype/plexus/plexus-cipher/1.4/plexus-cipher-1.4.jar:/Users/rifatbhuiyan/.m2/repository/net/masterthought/cucumber-reporting/3.14.0/cucumber-reporting-3.14.0.jar:/Users/rifatbhuiyan/.m2/repository/org/apache/logging/log4j/log4j-api/2.8.2/log4j-api-2.8.2.jar:/Users/rifatbhuiyan/.m2/repository/org/apache/logging/log4j/log4j-core/2.8.2/log4j-core-2.8.2.jar:/Users/rifatbhuiyan/.m2/repository/org/apache/velocity/velocity/1.7/velocity-1.7.jar:/Users/rifatbhuiyan/.m2/repository/commons-collections/commons-collections/3.2.1/commons-collections-3.2.1.jar:/Users/rifatbhuiyan/.m2/repository/commons-lang/commons-lang/2.4/commons-lang-2.4.jar:/Users/rifatbhuiyan/.m2/repository/velocity-tools/velocity-tools/1.4/velocity-tools-1.4.jar:/Users/rifatbhuiyan/.m2/repository/joda-time/joda-time/2.9.9/joda-time-2.9.9.jar:/Users/rifatbhuiyan/.m2/repository/net/lingala/zip4j/zip4j/1.3.2/zip4j-1.3.2.jar:/Users/rifatbhuiyan/.m2/repository/com/googlecode/owasp-java-html-sanitizer/owasp-java-html-sanitizer/20170515.1/owasp-java-html-sanitizer-20170515.1.jar:/Users/rifatbhuiyan/.m2/repository/commons-configuration/commons-configuration/1.6/commons-configuration-1.6.jar:/Users/rifatbhuiyan/.m2/repository/commons-digester/commons-digester/1.8/commons-digester-1.8.jar:/Users/rifatbhuiyan/.m2/repository/commons-beanutils/commons-beanutils/1.7.0/commons-beanutils-1.7.0.jar:/Users/rifatbhuiyan/.m2/repository/commons-beanutils/commons-beanutils-core/1.8.0/commons-beanutils-core-1.8.0.jar:/Users/rifatbhuiyan/.m2/repository/info/cukes/cucumber-core/1.2.5/cucumber-core-1.2.5.jar:/Users/rifatbhuiyan/.m2/repository/info/cukes/cucumber-html/0.2.3/cucumber-html-0.2.3.jar:/Users/rifatbhuiyan/.m2/repository/info/cukes/cucumber-jvm-deps/1.0.5/cucumber-jvm-deps-1.0.5.jar:/Users/rifatbhuiyan/.m2/repository/info/cukes/gherkin/2.12.2/gherkin-2.12.2.jar:/Users/rifatbhuiyan/.m2/repository/com/google/code/gson/gson/2.8.1/gson-2.8.1.jar:/Users/rifatbhuiyan/.m2/repository/org/apache/maven/maven-plugin-api/3.5.0/maven-plugin-api-3.5.0.jar:/Users/rifatbhuiyan/.m2/repository/org/apache/maven/maven-model/3.5.0/maven-model-3.5.0.jar:/Users/rifatbhuiyan/.m2/repository/org/apache/maven/maven-artifact/3.5.0/maven-artifact-3.5.0.jar:/Users/rifatbhuiyan/.m2/repository/org/eclipse/sisu/org.eclipse.sisu.plexus/0.3.3/org.eclipse.sisu.plexus-0.3.3.jar:/Users/rifatbhuiyan/.m2/repository/javax/enterprise/cdi-api/1.0/cdi-api-1.0.jar:/Users/rifatbhuiyan/.m2/repository/javax/annotation/jsr250-api/1.0/jsr250-api-1.0.jar:/Users/rifatbhuiyan/.m2/repository/javax/inject/javax.inject/1/javax.inject-1.jar:/Users/rifatbhuiyan/.m2/repository/org/eclipse/sisu/org.eclipse.sisu.inject/0.3.3/org.eclipse.sisu.inject-0.3.3.jar:/Users/rifatbhuiyan/.m2/repository/org/codehaus/plexus/plexus-component-annotations/1.5.5/plexus-component-annotations-1.5.5.jar:/Users/rifatbhuiyan/.m2/repository/org/codehaus/plexus/plexus-classworlds/2.5.2/plexus-classworlds-2.5.2.jar:/Users/rifatbhuiyan/.m2/repository/org/apache/maven/plugins/maven-jar-plugin/3.0.2/maven-jar-plugin-3.0.2.jar:/Users/rifatbhuiyan/.m2/repository/org/apache/maven/maven-core/3.0/maven-core-3.0.jar:/Users/rifatbhuiyan/.m2/repository/org/apache/maven/maven-settings/3.0/maven-settings-3.0.jar:/Users/rifatbhuiyan/.m2/repository/org/apache/maven/maven-settings-builder/3.0/maven-settings-builder-3.0.jar:/Users/rifatbhuiyan/.m2/repository/org/apache/maven/maven-model-builder/3.0/maven-model-builder-3.0.jar:/Users/rifatbhuiyan/.m2/repository/org/apache/maven/maven-aether-provider/3.0/maven-aether-provider-3.0.jar:/Users/rifatbhuiyan/.m2/repository/org/sonatype/aether/aether-impl/1.7/aether-impl-1.7.jar:/Users/rifatbhuiyan/.m2/repository/org/sonatype/aether/aether-spi/1.7/aether-spi-1.7.jar:/Users/rifatbhuiyan/.m2/repository/org/sonatype/aether/aether-api/1.7/aether-api-1.7.jar:/Users/rifatbhuiyan/.m2/repository/org/sonatype/aether/aether-util/1.7/aether-util-1.7.jar:/Users/rifatbhuiyan/.m2/repository/org/sonatype/sisu/sisu-inject-plexus/1.4.2/sisu-inject-plexus-1.4.2.jar:/Users/rifatbhuiyan/.m2/repository/org/sonatype/sisu/sisu-inject-bean/1.4.2/sisu-inject-bean-1.4.2.jar:/Users/rifatbhuiyan/.m2/repository/org/sonatype/sisu/sisu-guice/2.1.7/sisu-guice-2.1.7-noaop.jar:/Users/rifatbhuiyan/.m2/repository/org/codehaus/plexus/plexus-interpolation/1.14/plexus-interpolation-1.14.jar:/Users/rifatbhuiyan/.m2/repository/org/apache/maven/maven-archiver/3.1.1/maven-archiver-3.1.1.jar:/Users/rifatbhuiyan/.m2/repository/org/apache/maven/shared/maven-shared-utils/3.0.1/maven-shared-utils-3.0.1.jar:/Users/rifatbhuiyan/.m2/repository/org/codehaus/plexus/plexus-archiver/3.4/plexus-archiver-3.4.jar:/Users/rifatbhuiyan/.m2/repository/org/codehaus/plexus/plexus-io/2.7.1/plexus-io-2.7.1.jar:/Users/rifatbhuiyan/.m2/repository/org/iq80/snappy/snappy/0.4/snappy-0.4.jar:/Users/rifatbhuiyan/.m2/repository/org/tukaani/xz/1.5/xz-1.5.jar:/Users/rifatbhuiyan/.m2/repository/org/codehaus/plexus/plexus-utils/3.0.24/plexus-utils-3.0.24.jar:/Users/rifatbhuiyan/.m2/repository/info/cukes/cucumber-testng/1.2.5/cucumber-testng-1.2.5.jar:/Users/rifatbhuiyan/.m2/repository/info/cukes/cucumber-java/1.2.5/cucumber-java-1.2.5.jar:/Users/rifatbhuiyan/.m2/repository/com/github/scribejava/scribejava-apis/2.5.3/scribejava-apis-2.5.3.jar:/Users/rifatbhuiyan/.m2/repository/com/github/scribejava/scribejava-core/2.5.3/scribejava-core-2.5.3.jar:/Users/rifatbhuiyan/.m2/repository/com/sun/xml/bind/jaxb-impl/2.3.0/jaxb-impl-2.3.0.jar:/Users/rifatbhuiyan/.m2/repository/javax/activation/activation/1.1.1/activation-1.1.1.jar:/Users/rifatbhuiyan/.m2/repository/org/apache/commons/commons-lang3/3.0/commons-lang3-3.0.jar:/Users/rifatbhuiyan/.m2/repository/com/oracle/ojdbc/ojdbc8/19.3.0.0/ojdbc8-19.3.0.0.jar:/Users/rifatbhuiyan/.m2/repository/com/oracle/ojdbc/ucp/19.3.0.0/ucp-19.3.0.0.jar:/Users/rifatbhuiyan/.m2/repository/com/oracle/ojdbc/oraclepki/19.3.0.0/oraclepki-19.3.0.0.jar:/Users/rifatbhuiyan/.m2/repository/com/oracle/ojdbc/osdt_cert/19.3.0.0/osdt_cert-19.3.0.0.jar:/Users/rifatbhuiyan/.m2/repository/com/oracle/ojdbc/osdt_core/19.3.0.0/osdt_core-19.3.0.0.jar:/Users/rifatbhuiyan/.m2/repository/com/oracle/ojdbc/simplefan/19.3.0.0/simplefan-19.3.0.0.jar:/Users/rifatbhuiyan/.m2/repository/com/oracle/ojdbc/ons/19.3.0.0/ons-19.3.0.0.jar:/Users/rifatbhuiyan/.m2/repository/com/aventstack/extentreports/3.1.2/extentreports-3.1.2.jar:/Users/rifatbhuiyan/.m2/repository/org/freemarker/freemarker/2.3.23/freemarker-2.3.23.jar:/Users/rifatbhuiyan/.m2/repository/org/mongodb/mongodb-driver/3.3.0/mongodb-driver-3.3.0.jar:/Users/rifatbhuiyan/.m2/repository/org/mongodb/bson/3.3.0/bson-3.3.0.jar:/Users/rifatbhuiyan/.m2/repository/org/mongodb/mongodb-driver-core/3.3.0/mongodb-driver-core-3.3.0.jar:/Users/rifatbhuiyan/.m2/repository/org/apache/maven/shared/file-management/1.2.1/file-management-1.2.1.jar:/Users/rifatbhuiyan/.m2/repository/org/apache/maven/shared/maven-shared-io/1.1/maven-shared-io-1.1.jar:/Users/rifatbhuiyan/.m2/repository/org/apache/maven/maven-artifact-manager/2.0.2/maven-artifact-manager-2.0.2.jar:/Users/rifatbhuiyan/.m2/repository/org/apache/maven/wagon/wagon-provider-api/1.0-alpha-6/wagon-provider-api-1.0-alpha-6.jar:/Users/rifatbhuiyan/.m2/repository/org/codehaus/plexus/plexus-container-default/1.0-alpha-9/plexus-container-default-1.0-alpha-9.jar:/Users/rifatbhuiyan/.m2/repository/classworlds/classworlds/1.1-alpha-2/classworlds-1.1-alpha-2.jar:/Users/rifatbhuiyan/.m2/repository/org/apache/poi/poi-ooxml/3.11/poi-ooxml-3.11.jar:/Users/rifatbhuiyan/.m2/repository/org/apache/poi/poi-ooxml-schemas/3.11/poi-ooxml-schemas-3.11.jar:/Users/rifatbhuiyan/.m2/repository/org/apache/poi/poi/3.11/poi-3.11.jar:"/>
    <property name="java.vm.vendor" value="Oracle Corporation"/>
    <property name="sun.arch.data.model" value="64"/>
    <property name="java.vendor.url" value="http://java.oracle.com/"/>
    <property name="user.timezone" value=""/>
    <property name="java.vm.specification.version" value="1.8"/>
    <property name="os.name" value="Mac OS X"/>
    <property name="user.country" value="US"/>
    <property name="sun.java.launcher" value="SUN_STANDARD"/>
    <property name="sun.boot.library.path" value="/Library/Java/JavaVirtualMachines/jdk1.8.0_301.jdk/Contents/Home/jre/lib"/>
    <property name="sun.java.command" value="/Users/rifatbhuiyan/eclipse-workspace/Zoopla_Framework/target/surefire/surefirebooter1315313971248369700.jar /Users/rifatbhuiyan/eclipse-workspace/Zoopla_Framework/target/surefire 2021-10-16T00-39-58_180-jvmRun1 surefire334403932283541348tmp surefire_07091251448461950091tmp"/>
    <property name="http.nonProxyHosts" value="local|*.local|169.254/16|*.169.254/16"/>
    <property name="surefire.test.class.path" value="/Users/rifatbhuiyan/eclipse-workspace/Zoopla_Framework/target/test-classes:/Users/rifatbhuiyan/eclipse-workspace/Zoopla_Framework/target/classes:/Users/rifatbhuiyan/.m2/repository/org/slf4j/slf4j-api/1.7.25/slf4j-api-1.7.25.jar:/Users/rifatbhuiyan/.m2/repository/org/slf4j/slf4j-log4j12/1.7.25/slf4j-log4j12-1.7.25.jar:/Users/rifatbhuiyan/.m2/repository/com/microsoft/sqlserver/mssql-jdbc/7.2.2.jre8/mssql-jdbc-7.2.2.jre8.jar:/Users/rifatbhuiyan/.m2/repository/org/seleniumhq/selenium/selenium-java/3.141.59/selenium-java-3.141.59.jar:/Users/rifatbhuiyan/.m2/repository/org/seleniumhq/selenium/selenium-api/3.141.59/selenium-api-3.141.59.jar:/Users/rifatbhuiyan/.m2/repository/org/seleniumhq/selenium/selenium-edge-driver/3.141.59/selenium-edge-driver-3.141.59.jar:/Users/rifatbhuiyan/.m2/repository/org/seleniumhq/selenium/selenium-firefox-driver/3.141.59/selenium-firefox-driver-3.141.59.jar:/Users/rifatbhuiyan/.m2/repository/org/seleniumhq/selenium/selenium-ie-driver/3.141.59/selenium-ie-driver-3.141.59.jar:/Users/rifatbhuiyan/.m2/repository/org/seleniumhq/selenium/selenium-opera-driver/3.141.59/selenium-opera-driver-3.141.59.jar:/Users/rifatbhuiyan/.m2/repository/org/seleniumhq/selenium/selenium-remote-driver/3.141.59/selenium-remote-driver-3.141.59.jar:/Users/rifatbhuiyan/.m2/repository/org/seleniumhq/selenium/selenium-safari-driver/3.141.59/selenium-safari-driver-3.141.59.jar:/Users/rifatbhuiyan/.m2/repository/org/seleniumhq/selenium/selenium-support/3.141.59/selenium-support-3.141.59.jar:/Users/rifatbhuiyan/.m2/repository/net/bytebuddy/byte-buddy/1.8.15/byte-buddy-1.8.15.jar:/Users/rifatbhuiyan/.m2/repository/org/apache/commons/commons-exec/1.3/commons-exec-1.3.jar:/Users/rifatbhuiyan/.m2/repository/com/google/guava/guava/25.0-jre/guava-25.0-jre.jar:/Users/rifatbhuiyan/.m2/repository/com/google/code/findbugs/jsr305/1.3.9/jsr305-1.3.9.jar:/Users/rifatbhuiyan/.m2/repository/org/checkerframework/checker-compat-qual/2.0.0/checker-compat-qual-2.0.0.jar:/Users/rifatbhuiyan/.m2/repository/com/google/errorprone/error_prone_annotations/2.1.3/error_prone_annotations-2.1.3.jar:/Users/rifatbhuiyan/.m2/repository/com/google/j2objc/j2objc-annotations/1.1/j2objc-annotations-1.1.jar:/Users/rifatbhuiyan/.m2/repository/org/codehaus/mojo/animal-sniffer-annotations/1.14/animal-sniffer-annotations-1.14.jar:/Users/rifatbhuiyan/.m2/repository/com/squareup/okhttp3/okhttp/3.11.0/okhttp-3.11.0.jar:/Users/rifatbhuiyan/.m2/repository/com/squareup/okio/okio/1.14.0/okio-1.14.0.jar:/Users/rifatbhuiyan/.m2/repository/org/seleniumhq/selenium/selenium-chrome-driver/3.11.0/selenium-chrome-driver-3.11.0.jar:/Users/rifatbhuiyan/.m2/repository/commons-codec/commons-codec/1.10/commons-codec-1.10.jar:/Users/rifatbhuiyan/.m2/repository/commons-logging/commons-logging/1.2/commons-logging-1.2.jar:/Users/rifatbhuiyan/.m2/repository/org/apache/httpcomponents/httpclient/4.5.3/httpclient-4.5.3.jar:/Users/rifatbhuiyan/.m2/repository/org/apache/httpcomponents/httpcore/4.4.6/httpcore-4.4.6.jar:/Users/rifatbhuiyan/.m2/repository/io/github/bonigarcia/webdrivermanager/3.8.0/webdrivermanager-3.8.0.jar:/Users/rifatbhuiyan/.m2/repository/commons-io/commons-io/2.6/commons-io-2.6.jar:/Users/rifatbhuiyan/.m2/repository/org/rauschig/jarchivelib/1.0.0/jarchivelib-1.0.0.jar:/Users/rifatbhuiyan/.m2/repository/org/apache/commons/commons-compress/1.18/commons-compress-1.18.jar:/Users/rifatbhuiyan/.m2/repository/org/jsoup/jsoup/1.11.3/jsoup-1.11.3.jar:/Users/rifatbhuiyan/.m2/repository/org/seleniumhq/selenium/selenium-server/3.11.0/selenium-server-3.11.0.jar:/Users/rifatbhuiyan/.m2/repository/com/beust/jcommander/1.72/jcommander-1.72.jar:/Users/rifatbhuiyan/.m2/repository/org/apache/commons/commons-text/1.1/commons-text-1.1.jar:/Users/rifatbhuiyan/.m2/repository/commons-net/commons-net/3.6/commons-net-3.6.jar:/Users/rifatbhuiyan/.m2/repository/org/w3c/css/sac/1.3/sac-1.3.jar:/Users/rifatbhuiyan/.m2/repository/net/sourceforge/cssparser/cssparser/0.9.24/cssparser-0.9.24.jar:/Users/rifatbhuiyan/.m2/repository/net/sourceforge/htmlunit/htmlunit/2.29/htmlunit-2.29.jar:/Users/rifatbhuiyan/.m2/repository/net/sourceforge/htmlunit/htmlunit-core-js/2.28/htmlunit-core-js-2.28.jar:/Users/rifatbhuiyan/.m2/repository/net/sourceforge/htmlunit/neko-htmlunit/2.28/neko-htmlunit-2.28.jar:/Users/rifatbhuiyan/.m2/repository/org/apache/httpcomponents/httpmime/4.5.3/httpmime-4.5.3.jar:/Users/rifatbhuiyan/.m2/repository/net/jcip/jcip-annotations/1.0/jcip-annotations-1.0.jar:/Users/rifatbhuiyan/.m2/repository/org/seleniumhq/selenium/jetty-repacked/9.4.7.v20171121/jetty-repacked-9.4.7.v20171121.jar:/Users/rifatbhuiyan/.m2/repository/org/eclipse/jetty/jetty-client/9.4.7.v20170914/jetty-client-9.4.7.v20170914.jar:/Users/rifatbhuiyan/.m2/repository/org/eclipse/jetty/jetty-http/9.4.8.v20171121/jetty-http-9.4.8.v20171121.jar:/Users/rifatbhuiyan/.m2/repository/org/eclipse/jetty/jetty-io/9.4.8.v20171121/jetty-io-9.4.8.v20171121.jar:/Users/rifatbhuiyan/.m2/repository/org/eclipse/jetty/jetty-util/9.4.8.v20171121/jetty-util-9.4.8.v20171121.jar:/Users/rifatbhuiyan/.m2/repository/org/eclipse/jetty/jetty-xml/9.4.7.v20170914/jetty-xml-9.4.7.v20170914.jar:/Users/rifatbhuiyan/.m2/repository/org/seleniumhq/selenium/htmlunit-driver/2.29.0/htmlunit-driver-2.29.0.jar:/Users/rifatbhuiyan/.m2/repository/javax/servlet/javax.servlet-api/3.1.0/javax.servlet-api-3.1.0.jar:/Users/rifatbhuiyan/.m2/repository/org/eclipse/jetty/websocket/websocket-api/9.4.7.v20170914/websocket-api-9.4.7.v20170914.jar:/Users/rifatbhuiyan/.m2/repository/org/eclipse/jetty/websocket/websocket-client/9.4.7.v20170914/websocket-client-9.4.7.v20170914.jar:/Users/rifatbhuiyan/.m2/repository/org/eclipse/jetty/websocket/websocket-common/9.4.7.v20170914/websocket-common-9.4.7.v20170914.jar:/Users/rifatbhuiyan/.m2/repository/xalan/serializer/2.7.2/serializer-2.7.2.jar:/Users/rifatbhuiyan/.m2/repository/xalan/xalan/2.7.2/xalan-2.7.2.jar:/Users/rifatbhuiyan/.m2/repository/xerces/xercesImpl/2.11.0/xercesImpl-2.11.0.jar:/Users/rifatbhuiyan/.m2/repository/xml-apis/xml-apis/1.4.01/xml-apis-1.4.01.jar:/Users/rifatbhuiyan/.m2/repository/org/yaml/snakeyaml/1.19/snakeyaml-1.19.jar:/Users/rifatbhuiyan/.m2/repository/io/rest-assured/rest-assured/4.0.0/rest-assured-4.0.0.jar:/Users/rifatbhuiyan/.m2/repository/org/codehaus/groovy/groovy/2.5.6/groovy-2.5.6.jar:/Users/rifatbhuiyan/.m2/repository/org/codehaus/groovy/groovy-xml/2.5.6/groovy-xml-2.5.6.jar:/Users/rifatbhuiyan/.m2/repository/org/hamcrest/hamcrest-core/2.1/hamcrest-core-2.1.jar:/Users/rifatbhuiyan/.m2/repository/org/hamcrest/hamcrest/2.1/hamcrest-2.1.jar:/Users/rifatbhuiyan/.m2/repository/org/hamcrest/hamcrest-library/2.1/hamcrest-library-2.1.jar:/Users/rifatbhuiyan/.m2/repository/org/ccil/cowan/tagsoup/tagsoup/1.2.1/tagsoup-1.2.1.jar:/Users/rifatbhuiyan/.m2/repository/io/rest-assured/json-path/4.0.0/json-path-4.0.0.jar:/Users/rifatbhuiyan/.m2/repository/org/codehaus/groovy/groovy-json/2.5.6/groovy-json-2.5.6.jar:/Users/rifatbhuiyan/.m2/repository/io/rest-assured/rest-assured-common/4.0.0/rest-assured-common-4.0.0.jar:/Users/rifatbhuiyan/.m2/repository/io/rest-assured/xml-path/4.0.0/xml-path-4.0.0.jar:/Users/rifatbhuiyan/.m2/repository/javax/xml/bind/jaxb-api/2.2.12/jaxb-api-2.2.12.jar:/Users/rifatbhuiyan/.m2/repository/com/sun/xml/bind/jaxb-osgi/2.2.10/jaxb-osgi-2.2.10.jar:/Users/rifatbhuiyan/.m2/repository/org/apache/sling/org.apache.sling.javax.activation/0.1.0/org.apache.sling.javax.activation-0.1.0.jar:/Users/rifatbhuiyan/.m2/repository/org/testng/testng/6.14.3/testng-6.14.3.jar:/Users/rifatbhuiyan/.m2/repository/org/apache-extras/beanshell/bsh/2.0b6/bsh-2.0b6.jar:/Users/rifatbhuiyan/.m2/repository/log4j/log4j/1.2.17/log4j-1.2.17.jar:/Users/rifatbhuiyan/.m2/repository/com/fasterxml/jackson/core/jackson-databind/2.9.8/jackson-databind-2.9.8.jar:/Users/rifatbhuiyan/.m2/repository/com/fasterxml/jackson/core/jackson-annotations/2.9.0/jackson-annotations-2.9.0.jar:/Users/rifatbhuiyan/.m2/repository/com/fasterxml/jackson/core/jackson-core/2.9.8/jackson-core-2.9.8.jar:/Users/rifatbhuiyan/.m2/repository/org/apache/poi/ooxml-schemas/1.1/ooxml-schemas-1.1.jar:/Users/rifatbhuiyan/.m2/repository/org/apache/xmlbeans/xmlbeans/2.3.0/xmlbeans-2.3.0.jar:/Users/rifatbhuiyan/.m2/repository/stax/stax-api/1.0.1/stax-api-1.0.1.jar:/Users/rifatbhuiyan/.m2/repository/org/apache/poi/openxml4j/1.0-beta/openxml4j-1.0-beta.jar:/Users/rifatbhuiyan/.m2/repository/dom4j/dom4j/1.6.1/dom4j-1.6.1.jar:/Users/rifatbhuiyan/.m2/repository/org/apache/pdfbox/pdfbox/2.0.12/pdfbox-2.0.12.jar:/Users/rifatbhuiyan/.m2/repository/org/apache/pdfbox/fontbox/2.0.12/fontbox-2.0.12.jar:/Users/rifatbhuiyan/.m2/repository/com/googlecode/json-simple/json-simple/1.1.1/json-simple-1.1.1.jar:/Users/rifatbhuiyan/.m2/repository/junit/junit/4.10/junit-4.10.jar:/Users/rifatbhuiyan/.m2/repository/com/vimalselvam/cucumber-extentsreport/3.0.2/cucumber-extentsreport-3.0.2.jar:/Users/rifatbhuiyan/.m2/repository/net/masterthought/maven-cucumber-reporting/3.14.0/maven-cucumber-reporting-3.14.0.jar:/Users/rifatbhuiyan/.m2/repository/org/apache/maven/plugins/maven-gpg-plugin/1.6/maven-gpg-plugin-1.6.jar:/Users/rifatbhuiyan/.m2/repository/org/apache/maven/maven-project/2.2.1/maven-project-2.2.1.jar:/Users/rifatbhuiyan/.m2/repository/org/apache/maven/maven-profile/2.2.1/maven-profile-2.2.1.jar:/Users/rifatbhuiyan/.m2/repository/org/apache/maven/maven-plugin-registry/2.2.1/maven-plugin-registry-2.2.1.jar:/Users/rifatbhuiyan/.m2/repository/org/apache/maven/maven-repository-metadata/2.2.1/maven-repository-metadata-2.2.1.jar:/Users/rifatbhuiyan/.m2/repository/org/sonatype/plexus/plexus-sec-dispatcher/1.4/plexus-sec-dispatcher-1.4.jar:/Users/rifatbhuiyan/.m2/repository/org/sonatype/plexus/plexus-cipher/1.4/plexus-cipher-1.4.jar:/Users/rifatbhuiyan/.m2/repository/net/masterthought/cucumber-reporting/3.14.0/cucumber-reporting-3.14.0.jar:/Users/rifatbhuiyan/.m2/repository/org/apache/logging/log4j/log4j-api/2.8.2/log4j-api-2.8.2.jar:/Users/rifatbhuiyan/.m2/repository/org/apache/logging/log4j/log4j-core/2.8.2/log4j-core-2.8.2.jar:/Users/rifatbhuiyan/.m2/repository/org/apache/velocity/velocity/1.7/velocity-1.7.jar:/Users/rifatbhuiyan/.m2/repository/commons-collections/commons-collections/3.2.1/commons-collections-3.2.1.jar:/Users/rifatbhuiyan/.m2/repository/commons-lang/commons-lang/2.4/commons-lang-2.4.jar:/Users/rifatbhuiyan/.m2/repository/velocity-tools/velocity-tools/1.4/velocity-tools-1.4.jar:/Users/rifatbhuiyan/.m2/repository/joda-time/joda-time/2.9.9/joda-time-2.9.9.jar:/Users/rifatbhuiyan/.m2/repository/net/lingala/zip4j/zip4j/1.3.2/zip4j-1.3.2.jar:/Users/rifatbhuiyan/.m2/repository/com/googlecode/owasp-java-html-sanitizer/owasp-java-html-sanitizer/20170515.1/owasp-java-html-sanitizer-20170515.1.jar:/Users/rifatbhuiyan/.m2/repository/commons-configuration/commons-configuration/1.6/commons-configuration-1.6.jar:/Users/rifatbhuiyan/.m2/repository/commons-digester/commons-digester/1.8/commons-digester-1.8.jar:/Users/rifatbhuiyan/.m2/repository/commons-beanutils/commons-beanutils/1.7.0/commons-beanutils-1.7.0.jar:/Users/rifatbhuiyan/.m2/repository/commons-beanutils/commons-beanutils-core/1.8.0/commons-beanutils-core-1.8.0.jar:/Users/rifatbhuiyan/.m2/repository/info/cukes/cucumber-core/1.2.5/cucumber-core-1.2.5.jar:/Users/rifatbhuiyan/.m2/repository/info/cukes/cucumber-html/0.2.3/cucumber-html-0.2.3.jar:/Users/rifatbhuiyan/.m2/repository/info/cukes/cucumber-jvm-deps/1.0.5/cucumber-jvm-deps-1.0.5.jar:/Users/rifatbhuiyan/.m2/repository/info/cukes/gherkin/2.12.2/gherkin-2.12.2.jar:/Users/rifatbhuiyan/.m2/repository/com/google/code/gson/gson/2.8.1/gson-2.8.1.jar:/Users/rifatbhuiyan/.m2/repository/org/apache/maven/maven-plugin-api/3.5.0/maven-plugin-api-3.5.0.jar:/Users/rifatbhuiyan/.m2/repository/org/apache/maven/maven-model/3.5.0/maven-model-3.5.0.jar:/Users/rifatbhuiyan/.m2/repository/org/apache/maven/maven-artifact/3.5.0/maven-artifact-3.5.0.jar:/Users/rifatbhuiyan/.m2/repository/org/eclipse/sisu/org.eclipse.sisu.plexus/0.3.3/org.eclipse.sisu.plexus-0.3.3.jar:/Users/rifatbhuiyan/.m2/repository/javax/enterprise/cdi-api/1.0/cdi-api-1.0.jar:/Users/rifatbhuiyan/.m2/repository/javax/annotation/jsr250-api/1.0/jsr250-api-1.0.jar:/Users/rifatbhuiyan/.m2/repository/javax/inject/javax.inject/1/javax.inject-1.jar:/Users/rifatbhuiyan/.m2/repository/org/eclipse/sisu/org.eclipse.sisu.inject/0.3.3/org.eclipse.sisu.inject-0.3.3.jar:/Users/rifatbhuiyan/.m2/repository/org/codehaus/plexus/plexus-component-annotations/1.5.5/plexus-component-annotations-1.5.5.jar:/Users/rifatbhuiyan/.m2/repository/org/codehaus/plexus/plexus-classworlds/2.5.2/plexus-classworlds-2.5.2.jar:/Users/rifatbhuiyan/.m2/repository/org/apache/maven/plugins/maven-jar-plugin/3.0.2/maven-jar-plugin-3.0.2.jar:/Users/rifatbhuiyan/.m2/repository/org/apache/maven/maven-core/3.0/maven-core-3.0.jar:/Users/rifatbhuiyan/.m2/repository/org/apache/maven/maven-settings/3.0/maven-settings-3.0.jar:/Users/rifatbhuiyan/.m2/repository/org/apache/maven/maven-settings-builder/3.0/maven-settings-builder-3.0.jar:/Users/rifatbhuiyan/.m2/repository/org/apache/maven/maven-model-builder/3.0/maven-model-builder-3.0.jar:/Users/rifatbhuiyan/.m2/repository/org/apache/maven/maven-aether-provider/3.0/maven-aether-provider-3.0.jar:/Users/rifatbhuiyan/.m2/repository/org/sonatype/aether/aether-impl/1.7/aether-impl-1.7.jar:/Users/rifatbhuiyan/.m2/repository/org/sonatype/aether/aether-spi/1.7/aether-spi-1.7.jar:/Users/rifatbhuiyan/.m2/repository/org/sonatype/aether/aether-api/1.7/aether-api-1.7.jar:/Users/rifatbhuiyan/.m2/repository/org/sonatype/aether/aether-util/1.7/aether-util-1.7.jar:/Users/rifatbhuiyan/.m2/repository/org/sonatype/sisu/sisu-inject-plexus/1.4.2/sisu-inject-plexus-1.4.2.jar:/Users/rifatbhuiyan/.m2/repository/org/sonatype/sisu/sisu-inject-bean/1.4.2/sisu-inject-bean-1.4.2.jar:/Users/rifatbhuiyan/.m2/repository/org/sonatype/sisu/sisu-guice/2.1.7/sisu-guice-2.1.7-noaop.jar:/Users/rifatbhuiyan/.m2/repository/org/codehaus/plexus/plexus-interpolation/1.14/plexus-interpolation-1.14.jar:/Users/rifatbhuiyan/.m2/repository/org/apache/maven/maven-archiver/3.1.1/maven-archiver-3.1.1.jar:/Users/rifatbhuiyan/.m2/repository/org/apache/maven/shared/maven-shared-utils/3.0.1/maven-shared-utils-3.0.1.jar:/Users/rifatbhuiyan/.m2/repository/org/codehaus/plexus/plexus-archiver/3.4/plexus-archiver-3.4.jar:/Users/rifatbhuiyan/.m2/repository/org/codehaus/plexus/plexus-io/2.7.1/plexus-io-2.7.1.jar:/Users/rifatbhuiyan/.m2/repository/org/iq80/snappy/snappy/0.4/snappy-0.4.jar:/Users/rifatbhuiyan/.m2/repository/org/tukaani/xz/1.5/xz-1.5.jar:/Users/rifatbhuiyan/.m2/repository/org/codehaus/plexus/plexus-utils/3.0.24/plexus-utils-3.0.24.jar:/Users/rifatbhuiyan/.m2/repository/info/cukes/cucumber-testng/1.2.5/cucumber-testng-1.2.5.jar:/Users/rifatbhuiyan/.m2/repository/info/cukes/cucumber-java/1.2.5/cucumber-java-1.2.5.jar:/Users/rifatbhuiyan/.m2/repository/com/github/scribejava/scribejava-apis/2.5.3/scribejava-apis-2.5.3.jar:/Users/rifatbhuiyan/.m2/repository/com/github/scribejava/scribejava-core/2.5.3/scribejava-core-2.5.3.jar:/Users/rifatbhuiyan/.m2/repository/com/sun/xml/bind/jaxb-impl/2.3.0/jaxb-impl-2.3.0.jar:/Users/rifatbhuiyan/.m2/repository/javax/activation/activation/1.1.1/activation-1.1.1.jar:/Users/rifatbhuiyan/.m2/repository/org/apache/commons/commons-lang3/3.0/commons-lang3-3.0.jar:/Users/rifatbhuiyan/.m2/repository/com/oracle/ojdbc/ojdbc8/19.3.0.0/ojdbc8-19.3.0.0.jar:/Users/rifatbhuiyan/.m2/repository/com/oracle/ojdbc/ucp/19.3.0.0/ucp-19.3.0.0.jar:/Users/rifatbhuiyan/.m2/repository/com/oracle/ojdbc/oraclepki/19.3.0.0/oraclepki-19.3.0.0.jar:/Users/rifatbhuiyan/.m2/repository/com/oracle/ojdbc/osdt_cert/19.3.0.0/osdt_cert-19.3.0.0.jar:/Users/rifatbhuiyan/.m2/repository/com/oracle/ojdbc/osdt_core/19.3.0.0/osdt_core-19.3.0.0.jar:/Users/rifatbhuiyan/.m2/repository/com/oracle/ojdbc/simplefan/19.3.0.0/simplefan-19.3.0.0.jar:/Users/rifatbhuiyan/.m2/repository/com/oracle/ojdbc/ons/19.3.0.0/ons-19.3.0.0.jar:/Users/rifatbhuiyan/.m2/repository/com/aventstack/extentreports/3.1.2/extentreports-3.1.2.jar:/Users/rifatbhuiyan/.m2/repository/org/freemarker/freemarker/2.3.23/freemarker-2.3.23.jar:/Users/rifatbhuiyan/.m2/repository/org/mongodb/mongodb-driver/3.3.0/mongodb-driver-3.3.0.jar:/Users/rifatbhuiyan/.m2/repository/org/mongodb/bson/3.3.0/bson-3.3.0.jar:/Users/rifatbhuiyan/.m2/repository/org/mongodb/mongodb-driver-core/3.3.0/mongodb-driver-core-3.3.0.jar:/Users/rifatbhuiyan/.m2/repository/org/apache/maven/shared/file-management/1.2.1/file-management-1.2.1.jar:/Users/rifatbhuiyan/.m2/repository/org/apache/maven/shared/maven-shared-io/1.1/maven-shared-io-1.1.jar:/Users/rifatbhuiyan/.m2/repository/org/apache/maven/maven-artifact-manager/2.0.2/maven-artifact-manager-2.0.2.jar:/Users/rifatbhuiyan/.m2/repository/org/apache/maven/wagon/wagon-provider-api/1.0-alpha-6/wagon-provider-api-1.0-alpha-6.jar:/Users/rifatbhuiyan/.m2/repository/org/codehaus/plexus/plexus-container-default/1.0-alpha-9/plexus-container-default-1.0-alpha-9.jar:/Users/rifatbhuiyan/.m2/repository/classworlds/classworlds/1.1-alpha-2/classworlds-1.1-alpha-2.jar:/Users/rifatbhuiyan/.m2/repository/org/apache/poi/poi-ooxml/3.11/poi-ooxml-3.11.jar:/Users/rifatbhuiyan/.m2/repository/org/apache/poi/poi-ooxml-schemas/3.11/poi-ooxml-schemas-3.11.jar:/Users/rifatbhuiyan/.m2/repository/org/apache/poi/poi/3.11/poi-3.11.jar:"/>
    <property name="sun.cpu.endian" value="little"/>
    <property name="user.home" value="/Users/rifatbhuiyan"/>
    <property name="user.language" value="en"/>
    <property name="java.specification.vendor" value="Oracle Corporation"/>
    <property name="java.home" value="/Library/Java/JavaVirtualMachines/jdk1.8.0_301.jdk/Contents/Home/jre"/>
    <property name="basedir" value="/Users/rifatbhuiyan/eclipse-workspace/Zoopla_Framework"/>
    <property name="file.separator" value="/"/>
    <property name="line.separator" value="&#10;"/>
    <property name="java.vm.specification.vendor" value="Oracle Corporation"/>
    <property name="java.specification.name" value="Java Platform API Specification"/>
    <property name="java.awt.graphicsenv" value="sun.awt.CGraphicsEnvironment"/>
    <property name="surefire.real.class.path" value="/Users/rifatbhuiyan/eclipse-workspace/Zoopla_Framework/target/surefire/surefirebooter1315313971248369700.jar"/>
    <property name="sun.boot.class.path" value="/Library/Java/JavaVirtualMachines/jdk1.8.0_301.jdk/Contents/Home/jre/lib/resources.jar:/Library/Java/JavaVirtualMachines/jdk1.8.0_301.jdk/Contents/Home/jre/lib/rt.jar:/Library/Java/JavaVirtualMachines/jdk1.8.0_301.jdk/Contents/Home/jre/lib/sunrsasign.jar:/Library/Java/JavaVirtualMachines/jdk1.8.0_301.jdk/Contents/Home/jre/lib/jsse.jar:/Library/Java/JavaVirtualMachines/jdk1.8.0_301.jdk/Contents/Home/jre/lib/jce.jar:/Library/Java/JavaVirtualMachines/jdk1.8.0_301.jdk/Contents/Home/jre/lib/charsets.jar:/Library/Java/JavaVirtualMachines/jdk1.8.0_301.jdk/Contents/Home/jre/lib/jfr.jar:/Library/Java/JavaVirtualMachines/jdk1.8.0_301.jdk/Contents/Home/jre/classes"/>
    <property name="sun.management.compiler" value="HotSpot 64-Bit Tiered Compilers"/>
    <property name="ftp.nonProxyHosts" value="local|*.local|169.254/16|*.169.254/16"/>
    <property name="java.runtime.version" value="1.8.0_301-b09"/>
    <property name="user.name" value="rifatbhuiyan"/>
    <property name="path.separator" value=":"/>
    <property name="os.version" value="10.16"/>
    <property name="java.endorsed.dirs" value="/Library/Java/JavaVirtualMachines/jdk1.8.0_301.jdk/Contents/Home/jre/lib/endorsed"/>
    <property name="java.runtime.name" value="Java(TM) SE Runtime Environment"/>
    <property name="file.encoding" value="UTF-8"/>
    <property name="java.vm.name" value="Java HotSpot(TM) 64-Bit Server VM"/>
    <property name="localRepository" value="/Users/rifatbhuiyan/.m2/repository"/>
    <property name="java.vendor.url.bug" value="http://bugreport.sun.com/bugreport/"/>
    <property name="java.io.tmpdir" value="/var/folders/08/vrkmw5zs22z281l86f0hm3t00000gn/T/"/>
    <property name="java.version" value="1.8.0_301"/>
    <property name="user.dir" value="/Users/rifatbhuiyan/eclipse-workspace/Zoopla_Framework"/>
    <property name="os.arch" value="x86_64"/>
    <property name="java.vm.specification.name" value="Java Virtual Machine Specification"/>
    <property name="java.awt.printerjob" value="sun.lwawt.macosx.CPrinterJob"/>
    <property name="sun.os.patch.level" value="unknown"/>
    <property name="java.library.path" value="/Users/rifatbhuiyan/Library/Java/Extensions:/Library/Java/Extensions:/Network/Library/Java/Extensions:/System/Library/Java/Extensions:/usr/lib/java:."/>
    <property name="java.vm.info" value="mixed mode"/>
    <property name="java.vendor" value="Oracle Corporation"/>
    <property name="java.vm.version" value="25.301-b09"/>
    <property name="java.ext.dirs" value="/Users/rifatbhuiyan/Library/Java/Extensions:/Library/Java/JavaVirtualMachines/jdk1.8.0_301.jdk/Contents/Home/jre/lib/ext:/Library/Java/Extensions:/Network/Library/Java/Extensions:/System/Library/Java/Extensions:/usr/lib/java"/>
    <property name="sun.io.unicode.encoding" value="UnicodeBig"/>
    <property name="java.class.version" value="52.0"/>
    <property name="socksNonProxyHosts" value="local|*.local|169.254/16|*.169.254/16"/>
  </properties>
  <testcase name="feature" classname="com.amazon.runner.Runner" time="44.952">
    <failure message="org.openqa.selenium.ElementNotInteractableException: element not interactable: [object HTMLParagraphElement] has no size and location&#10;  (Session info: chrome=94.0.4606.81)&#10;Build info: version: &apos;3.141.59&apos;, revision: &apos;e82be7d358&apos;, time: &apos;2018-11-14T08:17:03&apos;&#10;System info: host: &apos;Rifats-MBP-2&apos;, ip: &apos;fe80:0:0:0:fe:c986:685:359e%en0&apos;, os.name: &apos;Mac OS X&apos;, os.arch: &apos;x86_64&apos;, os.version: &apos;10.16&apos;, java.version: &apos;1.8.0_301&apos;&#10;Driver info: org.openqa.selenium.chrome.ChromeDriver&#10;Capabilities {acceptInsecureCerts: false, browserName: chrome, browserVersion: 94.0.4606.81, chrome: {chromedriverVersion: 94.0.4606.61 (418b78f5838ed..., userDataDir: /var/folders/08/vrkmw5zs22z...}, goog:chromeOptions: {debuggerAddress: localhost:54939}, javascriptEnabled: true, networkConnectionEnabled: false, pageLoadStrategy: normal, platform: MAC, platformName: MAC, proxy: Proxy(), setWindowRect: true, strictFileInteractability: false, timeouts: {implicit: 0, pageLoad: 300000, script: 30000}, unhandledPromptBehavior: dismiss and notify, webauthn:extension:credBlob: true, webauthn:extension:largeBlob: true, webauthn:virtualAuthenticators: true}&#10;Session ID: 2bb0011c1b409b17a8291f6dc2236945" type="cucumber.runtime.CucumberException">cucumber.runtime.CucumberException: 
org.openqa.selenium.ElementNotInteractableException: element not interactable: [object HTMLParagraphElement] has no size and location
  (Session info: chrome=94.0.4606.81)
Build info: version: '3.141.59', revision: 'e82be7d358', time: '2018-11-14T08:17:03'
System info: host: 'Rifats-MBP-2', ip: 'fe80:0:0:0:fe:c986:685:359e%en0', os.name: 'Mac OS X', os.arch: 'x86_64', os.version: '10.16', java.version: '1.8.0_301'
Driver info: org.openqa.selenium.chrome.ChromeDriver
Capabilities {acceptInsecureCerts: false, browserName: chrome, browserVersion: 94.0.4606.81, chrome: {chromedriverVersion: 94.0.4606.61 (418b78f5838ed..., userDataDir: /var/folders/08/vrkmw5zs22z...}, goog:chromeOptions: {debuggerAddress: localhost:54939}, javascriptEnabled: true, networkConnectionEnabled: false, pageLoadStrategy: normal, platform: MAC, platformName: MAC, proxy: Proxy(), setWindowRect: true, strictFileInteractability: false, timeouts: {implicit: 0, pageLoad: 300000, script: 30000}, unhandledPromptBehavior: dismiss and notify, webauthn:extension:credBlob: true, webauthn:extension:largeBlob: true, webauthn:virtualAuthenticators: true}
Session ID: 2bb0011c1b409b17a8291f6dc2236945
Caused by: org.openqa.selenium.ElementNotInteractableException: 
element not interactable: [object HTMLParagraphElement] has no size and location
  (Session info: chrome=94.0.4606.81)
Build info: version: '3.141.59', revision: 'e82be7d358', time: '2018-11-14T08:17:03'
System info: host: 'Rifats-MBP-2', ip: 'fe80:0:0:0:fe:c986:685:359e%en0', os.name: 'Mac OS X', os.arch: 'x86_64', os.version: '10.16', java.version: '1.8.0_301'
Driver info: org.openqa.selenium.chrome.ChromeDriver
Capabilities {acceptInsecureCerts: false, browserName: chrome, browserVersion: 94.0.4606.81, chrome: {chromedriverVersion: 94.0.4606.61 (418b78f5838ed..., userDataDir: /var/folders/08/vrkmw5zs22z...}, goog:chromeOptions: {debuggerAddress: localhost:54939}, javascriptEnabled: true, networkConnectionEnabled: false, pageLoadStrategy: normal, platform: MAC, platformName: MAC, proxy: Proxy(), setWindowRect: true, strictFileInteractability: false, timeouts: {implicit: 0, pageLoad: 300000, script: 30000}, unhandledPromptBehavior: dismiss and notify, webauthn:extension:credBlob: true, webauthn:extension:largeBlob: true, webauthn:virtualAuthenticators: true}
Session ID: 2bb0011c1b409b17a8291f6dc2236945
</failure>
    <system-out><![CDATA[[TestNGContentHandler] [WARN] It is strongly recommended to add "<!DOCTYPE suite SYSTEM "http://testng.org/testng-1.0.dtd" >" at the top of your file, otherwise TestNG may fail or not work as expected.
Feature: User can search the properties, select the property, buy the property,
  compare the property & verify the price
  
  Description: User login zoopla web site, search the property &
              select the property as well as verify the property price.
 INFO [main] (Hook.java:13)-  
 INFO [main] (Hook.java:14)-  
 INFO [main] (Hook.java:15)- ********* Start Automation *************
 INFO [main] (Hook.java:16)-  
 INFO [main] (Hook.java:17)-  
 INFO [main] (Stepdef.java:27)- Users is able to verify login information successfully
 INFO [main] (Stepdef.java:53)- Users can hover over the page on the For Sale module and click on the UK Property For Sale
 INFO [main] (Stepdef.java:66)- Users is able to enter location in the text box & hit enter button
 INFO [main] (Stepdef.java:76)- Users is able to print all value/price of the properties in the console
 Number of value/price of the properties: 16
£105,000
£295,000
£450,000
£115,995
£14,995
£90,000
£52,995
£33,995
£117,000
£87,000
£90,000
£90,000
£90,000
£90,000
£90,000
£90,000
 INFO [main] (Stepdef.java:86)- click on the third property from the properties list
 INFO [main] (Stepdef.java:96)- Users is able to print out the selected property details
Virtual tours
Floor plans
Fixed price
£450,000
4 bed detached house for sale 
Hawthorn Hill, Dogdyke, Lincoln LN4
4 beds
2 baths
3 receptions
 INFO [main] (Stepdef.java:103)- Users can Verify the price of the selected property
 INFO [main] (Stepdef.java:115)- User is able to logout the application
 INFO [main] (Hook.java:25)- End Automation

  @Sanity
  Scenario:                                                                                           # login.feature:7
    User can login to the application, search the location, select the second or third property from the list & verify the price on the screen.

    Given Users is able to verify login information successfully                                      # Stepdef.users_is_able_to_verify_login_information_successfully()
    When Users can hover over the page on the For Sale module and click on the UK Property For Sale   # Stepdef.users_can_hover_over_the_page_on_the_For_Sale_module_and_click_on_the_UK_Property_For_Sale()
    And Users is able to enter location- "New York, Lincolnshire"- in the text box & hit enter button # Stepdef.users_is_able_to_enter_location_in_the_text_box_hit_enter_button(String)
    And Users is able to print all value/price of the properties in the console                       # Stepdef.users_is_able_to_print_all_value_price_of_the_properties_in_the_console()
    And click on the third property from the properties list                                          # Stepdef.click_on_the_third_property_from_the_properties_list()
    And Users is able to print out the selected property details                                      # Stepdef.users_is_able_to_print_out_the_selected_property_details()
    Then Users can Verify the price of the selected property                                          # Stepdef.users_can_Verify_the_price_of_the_selected_property()
    And User is able to logout the application                                                        # Stepdef.user_is_able_to_logout_the_application()
      org.openqa.selenium.ElementNotInteractableException: element not interactable: [object HTMLParagraphElement] has no size and location
        (Session info: chrome=94.0.4606.81)
      Build info: version: '3.141.59', revision: 'e82be7d358', time: '2018-11-14T08:17:03'
      System info: host: 'Rifats-MBP-2', ip: 'fe80:0:0:0:fe:c986:685:359e%en0', os.name: 'Mac OS X', os.arch: 'x86_64', os.version: '10.16', java.version: '1.8.0_301'
      Driver info: org.openqa.selenium.chrome.ChromeDriver
      Capabilities {acceptInsecureCerts: false, browserName: chrome, browserVersion: 94.0.4606.81, chrome: {chromedriverVersion: 94.0.4606.61 (418b78f5838ed..., userDataDir: /var/folders/08/vrkmw5zs22z...}, goog:chromeOptions: {debuggerAddress: localhost:54939}, javascriptEnabled: true, networkConnectionEnabled: false, pageLoadStrategy: normal, platform: MAC, platformName: MAC, proxy: Proxy(), setWindowRect: true, strictFileInteractability: false, timeouts: {implicit: 0, pageLoad: 300000, script: 30000}, unhandledPromptBehavior: dismiss and notify, webauthn:extension:credBlob: true, webauthn:extension:largeBlob: true, webauthn:virtualAuthenticators: true}
      Session ID: 2bb0011c1b409b17a8291f6dc2236945
      	at sun.reflect.NativeConstructorAccessorImpl.newInstance0(Native Method)
      	at sun.reflect.NativeConstructorAccessorImpl.newInstance(NativeConstructorAccessorImpl.java:62)
      	at sun.reflect.DelegatingConstructorAccessorImpl.newInstance(DelegatingConstructorAccessorImpl.java:45)
      	at java.lang.reflect.Constructor.newInstance(Constructor.java:423)
      	at org.openqa.selenium.remote.http.W3CHttpResponseCodec.createException(W3CHttpResponseCodec.java:187)
      	at org.openqa.selenium.remote.http.W3CHttpResponseCodec.decode(W3CHttpResponseCodec.java:122)
      	at org.openqa.selenium.remote.http.W3CHttpResponseCodec.decode(W3CHttpResponseCodec.java:49)
      	at org.openqa.selenium.remote.HttpCommandExecutor.execute(HttpCommandExecutor.java:158)
      	at org.openqa.selenium.remote.service.DriverCommandExecutor.execute(DriverCommandExecutor.java:83)
      	at org.openqa.selenium.remote.RemoteWebDriver.execute(RemoteWebDriver.java:552)
      	at org.openqa.selenium.remote.RemoteWebDriver.perform(RemoteWebDriver.java:618)
      	at org.openqa.selenium.interactions.Actions$BuiltAction.perform(Actions.java:639)
      	at com.amazon.stepdef.Stepdef.user_is_able_to_logout_the_application(Stepdef.java:119)
      	at ✽.And User is able to logout the application(login.feature:17)

]]></system-out>
    <system-err><![CDATA[Starting ChromeDriver 94.0.4606.61 (418b78f5838ed0b1c69bb4e51ea0252171854915-refs/branch-heads/4606@{#1204}) on port 8302
Only local connections are allowed.
Please see https://chromedriver.chromium.org/security-considerations for suggestions on keeping ChromeDriver safe.
ChromeDriver was started successfully.
Oct 16, 2021 12:40:05 AM org.openqa.selenium.remote.ProtocolHandshake createSession
INFO: Detected dialect: W3C
]]></system-err>
  </testcase>
</testsuite>