<?xml version="1.0" encoding="UTF-8"?>
<!-- Generated by org.testng.reporters.JUnitReportReporter -->
<testsuite skipped="0" hostname="Rifats-MBP-2" name="com.amazon.runner.Runner" tests="1" failures="0" timestamp="17 Oct 2021 01:46:44 GMT" time="43.962" errors="0">
  <testcase name="feature" time="43.962" classname="com.amazon.runner.Runner"/>
</testsuite> <!-- com.amazon.runner.Runner -->
