<?xml version="1.0" encoding="UTF-8"?>
<!-- Generated by org.testng.reporters.JUnitReportReporter -->
<testsuite skipped="0" hostname="Rifats-MBP-2" name="com.amazon.runner.Runner" tests="1" failures="0" timestamp="18 Oct 2021 06:01:06 GMT" time="45.304" errors="0">
  <testcase name="feature" time="45.304" classname="com.amazon.runner.Runner"/>
</testsuite> <!-- com.amazon.runner.Runner -->
